<?xml version="1.0" encoding="UTF-8"?>
<testsuite name="Test1Test" tests="1" skipped="0" failures="0" errors="0" timestamp="2018-02-06T00:16:32" hostname="nigthmare11" time="0.004">
  <properties/>
  <testcase name="testMain" classname="Test1Test" time="0.004"/>
  <system-out><![CDATA[]]></system-out>
  <system-err><![CDATA[]]></system-err>
</testsuite>
